01/15/2018 16:41:12 [::1]: {"province":"강원도", "minBeds":240} 
01/15/2018 16:42:58 [::1]: 
01/15/2018 16:45:01 [::1]: {"province":"강원도", "minBeds":20} 
01/15/2018 16:45:12 [::1]: {"province":"강원도", "minBeds":2000} 
01/15/2018 16:48:57 [::1]: {"province":"강원도", "minBeds":2000} 
01/15/2018 16:49:35 [::1]: {"province":"강원도", "minBeds":2000} 
01/15/2018 16:49:45 [::1]: {"province":"강원도", "minBeds":200} 
01/15/2018 16:54:00 [::1]: {"province":"강원도", "minBeds":200} 
01/15/2018 16:54:03 [::1]: {"province":"강원도", "minBeds":200} 
01/15/2018 16:54:24 [::1]: {"province":"강원도", "minBeds":200} 
01/15/2018 16:54:43 [::1]: {"province":"강원도", "minBeds":150} 
01/15/2018 16:58:50 [::1]: 
01/15/2018 16:59:18 [::1]: {"province":"강원도", "minBeds":150} 
01/15/2018 17:01:32 [::1]: {"province":"강원도", "minBeds":150} 
01/15/2018 17:02:14 [::1]: {"province":"강원도", "minBeds":200} 
01/15/2018 17:02:52 [::1]: {"province":"강원도", "minBeds":200} 
01/15/2018 17:03:37 [::1]: {"province":"강원도", "minBeds":200} 
01/15/2018 17:07:53 [::1]: {"province":"강원도", "minBeds":200} 
01/15/2018 17:12:42 [::1]: {"province":"강원도", "minBeds":200} 
01/15/2018 17:13:26 [::1]: {"province":"강원도", "minBeds":200} 
01/15/2018 17:16:53 [::1]: {"province":"강원도", "minBeds":200} 
01/15/2018 17:18:08 [::1]: {"province":"강원도", "minBeds":240} 
01/15/2018 17:18:10 [::1]: {"province":"강원도", "minBeds":240} 
01/15/2018 17:18:13 [::1]: {"province":"강원도", "minBeds":200} 
01/15/2018 17:22:02 [::1]: {"province":"강원도", "minBeds":200} 
01/15/2018 17:22:42 [::1]: {"province":"강원도", "minBeds":200} 
01/15/2018 17:23:16 [::1]: {"province":"강원도", "minBeds":200} 
01/15/2018 17:25:29 [::1]: {"province":"강원도", "minBeds":200} 
01/15/2018 17:25:57 [::1]: {"province":"강원도", "minBeds":200} 
01/15/2018 17:26:09 [::1]: {"province":"강원도", "minBeds":200} 
01/15/2018 17:26:40 [::1]: {"province":"강원도", "minBeds":200} 
01/15/2018 17:27:05 [::1]: {"province":"강원도", "minBeds":200} 
01/15/2018 17:27:38 [::1]: {"province":"강원도", "minBeds":200} 
01/15/2018 17:27:45 [::1]: {"province":"강원도", "minBeds":200} 
01/15/2018 17:29:21 [::1]: {"province":"강원도", "minBeds":200} 
01/15/2018 17:29:47 [::1]: {"province":"강원도", "minBeds":200} 
01/15/2018 17:30:16 [::1]: {"province":"강원도", "minBeds":200} 
01/15/2018 17:31:31 [::1]: {"province":"강원도", "minBeds":200} 
01/15/2018 17:32:31 [::1]: {"province":"강원도", "minBeds":200} 
01/15/2018 17:32:52 [::1]: {"province":"강원도", "minBeds":200} 
01/15/2018 17:34:45 [::1]: {"province":"강원도", "minBeds":200} 
01/15/2018 17:35:53 [::1]: {"province":"강원도", "minBeds":200} 
01/15/2018 17:36:39 [::1]: {"province":"강원도", "minBeds":200} 
01/15/2018 17:37:07 [::1]: {"province":"강원도", "minBeds":200} 
01/15/2018 17:37:53 [::1]: {"province":"강원도", "minBeds":200} 
01/15/2018 17:39:17 [::1]: {"province":"강원도", "minBeds":200} 
01/15/2018 17:39:35 [::1]: {"province":"강원도", "minBeds":200} 
01/15/2018 17:42:54 [::1]: {"province":"강원도", "minBeds":200} 
01/15/2018 17:44:17 [::1]: {"province":"강원도", "minBeds":200} 
01/15/2018 22:35:31 [::1]: {"province":"강원도", "minBeds":200} 
01/15/2018 22:38:31 [::1]: {"province":"강원도", "minBeds":200} 
01/15/2018 22:40:31 [::1]: {"province":"강원도", "minBeds":100} 
01/15/2018 22:41:06 [::1]: {"province":"강원도", "minBeds":200} 
01/15/2018 22:41:29 [::1]: {"province":"강원도", "minBeds":200} 
01/15/2018 22:42:03 [::1]: {"province":"강원도", "minBeds":100} 
01/16/2018 12:56:17 [::1]: {"province":" 강원도", "minBeds":200} 
01/16/2018 12:56:18 [::1]: {"province":" 강원도", "minBeds":200} 
01/16/2018 12:56:18 [::1]: {"province":" 강원도", "minBeds":200} 
01/16/2018 12:56:18 [::1]: {"province":" 강원도", "minBeds":200} 
01/16/2018 12:56:19 [::1]: {"province":" 강원도", "minBeds":200} 
01/16/2018 12:56:19 [::1]: {"province":" 강원도", "minBeds":200} 
01/16/2018 12:57:16 [::1]: {"province":"강원도", "minBeds":200} 
01/16/2018 12:57:26 [::1]: {"province":"서울", "minBeds":100} 
01/16/2018 12:57:28 [::1]: {"province":"서울", "minBeds":100} 
01/16/2018 12:57:31 [::1]: {"province":"서울특별시", "minBeds":100} 
01/16/2018 12:57:36 [::1]: {"province":"충청도", "minBeds":100} 
01/16/2018 12:57:45 [::1]: {"province":"강원도", "minBeds":100} 
01/16/2018 13:44:24 [::1]: {"province":"강원도", "minBeds":0} 
01/16/2018 13:44:36 [::1]: {"province":"강원도", "minBeds":} 
01/16/2018 13:45:11 [::1]: {"province":"경기도", "minBeds":0} 
01/16/2018 15:03:24 [::1]: {"province":"강원도", "minBeds":} 
01/16/2018 15:03:48 [::1]: {"province":"강원도", "minBeds":} 
01/16/2018 15:04:11 [::1]: 
01/16/2018 15:04:20 [::1]: 
01/16/2018 15:05:58 [::1]: {"province":"강원도", "minBeds":} 
01/16/2018 15:11:29 [::1]: 
01/16/2018 15:12:00 [::1]: 
01/16/2018 15:13:14 [::1]: {"province":"강원도", "minBeds":} 
01/16/2018 15:16:38 [::1]: {"province":"강원도", "minBeds":} 
01/16/2018 15:29:10 [::1]: [{"province":"강원도"},{"minBeds":"100"},{"name":"노인"}]
01/16/2018 15:33:41 [::1]: [{"province":"강원도"},{"minBeds":"100"},{"name":"노인"}]
01/16/2018 15:38:23 [::1]: [{"province":"강원도","minBeds":"100","name":"노인"}]
01/16/2018 15:39:09 [::1]: [{"province":"강원도","minBeds":"100","name":"노인"}]
01/16/2018 15:39:31 [::1]: [{"province":"강원도","minBeds":"100","name":"노인"}]
01/16/2018 15:41:06 [::1]: [{"province":"강원도","minBeds":"100","name":"노인"}]
01/16/2018 15:47:25 [::1]: [{"province":"강원도","minBeds":"100","name":"노인"}]
01/16/2018 15:48:05 [::1]: "{\"province\":\"강원도\", \"minBeds\":100} "
01/16/2018 15:48:35 [::1]: [{"province":"강원도","minBeds":"100","name":""}]
01/16/2018 15:52:17 ::1: [{"province":"강원도","minBeds":"100","name":"노인"}]
01/16/2018 15:55:07 [::1]: [{"province":"강원도","minBeds":"100","name":"노인"}]
01/16/2018 15:55:30 [::1]: [{"province":"강원도","minBeds":"100","name":"삼척"}]
01/16/2018 16:00:14 [::1]: [{"province":"강원도","minBeds":"100","name":"삼척"}]
01/16/2018 16:01:01 [::1]: {"province":"강원도","minBeds":"100","name":"삼척"}
01/16/2018 16:02:00 [::1]: 
01/16/2018 16:02:33 [::1]: 
01/16/2018 16:02:47 [::1]: 
01/16/2018 16:02:55 [::1]: 
01/16/2018 16:03:28 [::1]: 
01/16/2018 16:05:56 [::1]: [{"province":"강원도","minBeds":"100","name":"강원"}]
01/16/2018 16:16:07 [::1]: [{"province":"강원도","minBeds":"100","name":"강원"}]
01/16/2018 16:17:08 [::1]: [{"province":"강원도","minBeds":"100","name":"강원"}]
01/16/2018 16:17:30 [::1]: [{"province":"강원도","minBeds":"100","name":"강원"}]
01/16/2018 16:25:46 [::1]: [{"province":"강원도","minBeds":"100","name":"강원"}]
01/16/2018 16:40:41 [::1]: {"province":"강원도","minBeds":"100","name":"강원"}
01/16/2018 16:46:22 [::1]: {"province":"강원도","name":""}
01/16/2018 16:49:00 [::1]: {"province":"강원도","minBeds":"100","name":""}
01/16/2018 17:00:43 [::1]: {"province":"강원도","minBeds":"100","name":"의료원"}
01/16/2018 17:00:56 [::1]: {"province":"강원도","minBeds":"200","name":""}
01/16/2018 17:01:07 [::1]: {"province":"강원도","minBeds":"150","name":""}
01/16/2018 17:03:43 [::1]: {"province":"강원도","minBeds":"100","name":""}
01/16/2018 17:03:49 [::1]: {"province":"강원도","minBeds":"200","name":""}
01/16/2018 17:03:56 [::1]: {"province":"강원도","minBeds":"200","name":""}
01/16/2018 17:04:27 [::1]: {"province":"강원도","minBeds":"200","name":""}
01/16/2018 17:04:48 [::1]: {"province":"강원도","minBeds":"200","name":""}
01/16/2018 17:04:54 [::1]: {"province":"강원도","minBeds":"100","name":""}
01/16/2018 17:05:05 [::1]: {"province":"강원도","minBeds":"100","name":""}
01/16/2018 17:05:10 [::1]: {"province":"강원도","minBeds":"200","name":""}
01/16/2018 17:06:02 [::1]: {"province":"강원도","minBeds":"200","name":""}
01/16/2018 17:06:54 [::1]: {"province":"강원도","minBeds":"200","name":""}
01/16/2018 17:08:02 [::1]: {"province":"","name":""}
01/16/2018 17:08:02 [::1]: {"province":"","name":""}
01/16/2018 17:08:03 [::1]: {"province":"","name":""}
01/16/2018 17:08:03 [::1]: {"province":"","name":""}
01/16/2018 17:08:03 [::1]: {"province":"","name":""}
01/16/2018 17:08:03 [::1]: {"province":"","name":""}
01/16/2018 17:08:03 [::1]: {"province":"","name":""}
01/16/2018 17:08:03 [::1]: {"province":"","name":""}
01/16/2018 17:08:04 [::1]: {"province":"","name":""}
01/16/2018 17:08:04 [::1]: {"province":"","name":""}
01/16/2018 17:08:04 [::1]: {"province":"","name":""}
01/16/2018 17:08:04 [::1]: {"province":"","name":""}
01/16/2018 17:08:05 [::1]: {"province":"","name":""}
01/16/2018 17:08:05 [::1]: {"province":"","name":""}
01/16/2018 17:08:05 [::1]: {"province":"","name":""}
01/16/2018 17:08:05 [::1]: {"province":"","name":""}
01/16/2018 17:08:06 [::1]: {"province":"","name":""}
01/16/2018 17:08:13 [::1]: {"province":"강원도","minBeds":"100","name":""}
01/16/2018 17:08:32 [::1]: {"province":"강원도","minBeds":"200","name":""}
01/16/2018 17:09:25 [::1]: {"province":"강원도","minBeds":"200","name":""}
01/16/2018 17:10:33 [::1]: {"province":"강원도","minBeds":"200","name":""}
01/16/2018 17:12:38 [::1]: {"province":"강원도","minBeds":200,"name":""}
01/16/2018 17:12:43 [::1]: {"province":"강원도","minBeds":null,"name":""}
01/16/2018 17:15:44 [::1]: {"province":"강원도","minBeds":200,"name":""}
01/16/2018 17:15:50 [::1]: {"province":"강원도","minBeds":220,"name":""}
01/16/2018 17:16:48 [::1]: {"province":"강원도","minBeds":200,"name":""}
01/16/2018 17:16:51 [::1]: {"province":"강원도","minBeds":220,"name":""}
01/16/2018 17:17:52 [::1]: {"province":"강원도","minBeds":200,"name":""}
01/16/2018 17:17:55 [::1]: {"province":"강원도","minBeds":220,"name":""}
01/16/2018 17:18:05 [::1]: {"province":"강원도","minBeds":100,"name":""}
01/16/2018 17:19:46 [::1]: {"province":"강원도","minBeds":200,"name":""}
01/16/2018 17:20:49 [::1]: {"province":"강원도","minBeds":100,"name":""}
01/16/2018 17:20:55 [::1]: {"province":"강원도","minBeds":160,"name":""}
01/16/2018 17:21:01 [::1]: {"province":"강원도","minBeds":190,"name":""}
01/16/2018 17:21:05 [::1]: {"province":"강원도","minBeds":200,"name":""}
01/16/2018 17:21:11 [::1]: {"province":"강원도","minBeds":220,"name":""}
01/16/2018 17:27:10 [::1]: {"province":"경기도","minBeds":100,"name":""}
01/16/2018 17:27:20 [::1]: {"province":"경기도","minBeds":200,"name":""}
01/16/2018 17:27:30 [::1]: {"province":"경기도","minBeds":200,"name":"시흥"}
01/16/2018 17:29:15 [::1]: {"province":"경기도","minBeds":200,"name":"시흥"}
01/16/2018 17:32:01 [::1]: {"province":"경기도","minBeds":200,"name":"시흥"}
01/16/2018 17:32:03 [::1]: {"province":"경기도","minBeds":200,"name":""}
01/16/2018 17:32:10 [::1]: {"province":"경기도","minBeds":250,"name":""}
01/16/2018 17:32:19 [::1]: {"province":"경기도","minBeds":260,"name":""}
01/16/2018 17:32:28 [::1]: {"province":"경기도","minBeds":265,"name":""}
01/16/2018 17:32:38 [::1]: {"province":"경기도","minBeds":0,"name":"도립"}
01/16/2018 17:32:39 [::1]: {"province":"경기도","minBeds":0,"name":"도립"}
01/16/2018 17:32:45 [::1]: {"province":"경기도","minBeds":0,"name":"경기도립"}
01/16/2018 17:32:46 [::1]: {"province":"경기도","minBeds":0,"name":"경기도립"}
01/16/2018 17:32:47 [::1]: {"province":"경기도","minBeds":0,"name":"경기도립"}
01/16/2018 17:32:47 [::1]: {"province":"경기도","minBeds":0,"name":"경기도립"}
01/16/2018 17:32:47 [::1]: {"province":"경기도","minBeds":0,"name":"경기도립"}
01/16/2018 17:32:47 [::1]: {"province":"경기도","minBeds":0,"name":"경기도립"}
01/16/2018 17:33:00 [::1]: {"province":"경기도","minBeds":100,"name":"노"}
01/16/2018 17:33:05 [::1]: {"province":"경기도","minBeds":100,"name":"노인"}
